Analysis & Synthesis report for circuito_exp5
Fri Mar 21 13:36:37 2025
Quartus Prime Version 20.1.1 Build 720 11/11/2020 SJ Lite Edition


---------------------
; Table of Contents ;
---------------------
  1. Legal Notice
  2. Analysis & Synthesis Summary
  3. Analysis & Synthesis Settings
  4. Parallel Compilation
  5. Analysis & Synthesis Source Files Read
  6. Analysis & Synthesis Resource Usage Summary
  7. Analysis & Synthesis Resource Utilization by Entity
  8. State Machine - |circuito_S1|S1_unidade_controle:UC|Eatual
  9. Registers Removed During Synthesis
 10. General Register Statistics
 11. Multiplexer Restructuring Statistics (Restructuring Performed)
 12. Parameter Settings for User Entity Instance: S1_fluxo_dados:FD|contador_m:contador_5000
 13. Parameter Settings for User Entity Instance: S1_fluxo_dados:FD|contador_m:contador_500
 14. Parameter Settings for User Entity Instance: S1_unidade_controle:UC
 15. Parameter Settings for User Entity Instance: conversor7seg:convPontos|contador_m:contador_ordem
 16. Port Connectivity Checks: "conversor7seg:convPontos|hexa7seg:disp_hund_inst"
 17. Port Connectivity Checks: "conversor7seg:convPontos|bin2bcd:conversor"
 18. Port Connectivity Checks: "conversor7seg:convPontos|contador_m:contador_ordem"
 19. Port Connectivity Checks: "S1_unidade_controle:UC"
 20. Port Connectivity Checks: "S1_fluxo_dados:FD|contador_163:ContErro"
 21. Port Connectivity Checks: "S1_fluxo_dados:FD|sync_ram_16x4:MemErro"
 22. Port Connectivity Checks: "S1_fluxo_dados:FD|mux2x1_7:MUX"
 23. Port Connectivity Checks: "S1_fluxo_dados:FD|contador_m:contador_500"
 24. Port Connectivity Checks: "S1_fluxo_dados:FD|contador_m:contador_5000"
 25. Port Connectivity Checks: "S1_fluxo_dados:FD|comparador_85_7:CompJog"
 26. Port Connectivity Checks: "S1_fluxo_dados:FD|comparador_85:CompLmt"
 27. Port Connectivity Checks: "S1_fluxo_dados:FD|contador_163:ContEnd"
 28. Port Connectivity Checks: "S1_fluxo_dados:FD|comparador_85:CompFim"
 29. Port Connectivity Checks: "S1_fluxo_dados:FD|contador_163:ContLmt"
 30. Port Connectivity Checks: "S1_fluxo_dados:FD"
 31. Post-Synthesis Netlist Statistics for Top Partition
 32. Elapsed Time Per Partition
 33. Analysis & Synthesis Messages
 34. Analysis & Synthesis Suppressed Messages



----------------
; Legal Notice ;
----------------
Copyright (C) 2020  Intel Corporation. All rights reserved.
Your use of Intel Corporation's design tools, logic functions 
and other software and tools, and any partner logic 
functions, and any output files from any of the foregoing 
(including device programming or simulation files), and any 
associated documentation or information are expressly subject 
to the terms and conditions of the Intel Program License 
Subscription Agreement, the Intel Quartus Prime License Agreement,
the Intel FPGA IP License Agreement, or other applicable license
agreement, including, without limitation, that your use is for
the sole purpose of programming logic devices manufactured by
Intel and sold by Intel or its authorized distributors.  Please
refer to the applicable agreement for further details, at
https://fpgasoftware.intel.com/eula.



+-------------------------------------------------------------------------------+
; Analysis & Synthesis Summary                                                  ;
+---------------------------------+---------------------------------------------+
; Analysis & Synthesis Status     ; Successful - Fri Mar 21 13:36:37 2025       ;
; Quartus Prime Version           ; 20.1.1 Build 720 11/11/2020 SJ Lite Edition ;
; Revision Name                   ; circuito_exp5                               ;
; Top-level Entity Name           ; circuito_S1                                 ;
; Family                          ; Cyclone V                                   ;
; Logic utilization (in ALMs)     ; N/A                                         ;
; Total registers                 ; 74                                          ;
; Total pins                      ; 78                                          ;
; Total virtual pins              ; 0                                           ;
; Total block memory bits         ; 0                                           ;
; Total DSP Blocks                ; 0                                           ;
; Total HSSI RX PCSs              ; 0                                           ;
; Total HSSI PMA RX Deserializers ; 0                                           ;
; Total HSSI TX PCSs              ; 0                                           ;
; Total HSSI PMA TX Serializers   ; 0                                           ;
; Total PLLs                      ; 0                                           ;
; Total DLLs                      ; 0                                           ;
+---------------------------------+---------------------------------------------+


+---------------------------------------------------------------------------------------------------------------------------+
; Analysis & Synthesis Settings                                                                                             ;
+---------------------------------------------------------------------------------+--------------------+--------------------+
; Option                                                                          ; Setting            ; Default Value      ;
+---------------------------------------------------------------------------------+--------------------+--------------------+
; Device                                                                          ; 5CEBA4F23C7        ;                    ;
; Top-level entity name                                                           ; circuito_S1        ; circuito_exp5      ;
; Family name                                                                     ; Cyclone V          ; Cyclone V          ;
; Use smart compilation                                                           ; Off                ; Off                ;
; Enable parallel Assembler and Timing Analyzer during compilation                ; On                 ; On                 ;
; Enable compact report table                                                     ; Off                ; Off                ;
; Restructure Multiplexers                                                        ; Auto               ; Auto               ;
; MLAB Add Timing Constraints For Mixed-Port Feed-Through Mode Setting Don't Care ; Off                ; Off                ;
; Create Debugging Nodes for IP Cores                                             ; Off                ; Off                ;
; Preserve fewer node names                                                       ; On                 ; On                 ;
; Intel FPGA IP Evaluation Mode                                                   ; Enable             ; Enable             ;
; Verilog Version                                                                 ; Verilog_2001       ; Verilog_2001       ;
; VHDL Version                                                                    ; VHDL_1993          ; VHDL_1993          ;
; State Machine Processing                                                        ; Auto               ; Auto               ;
; Safe State Machine                                                              ; Off                ; Off                ;
; Extract Verilog State Machines                                                  ; On                 ; On                 ;
; Extract VHDL State Machines                                                     ; On                 ; On                 ;
; Ignore Verilog initial constructs                                               ; Off                ; Off                ;
; Iteration limit for constant Verilog loops                                      ; 5000               ; 5000               ;
; Iteration limit for non-constant Verilog loops                                  ; 250                ; 250                ;
; Add Pass-Through Logic to Inferred RAMs                                         ; On                 ; On                 ;
; Infer RAMs from Raw Logic                                                       ; On                 ; On                 ;
; Parallel Synthesis                                                              ; On                 ; On                 ;
; DSP Block Balancing                                                             ; Auto               ; Auto               ;
; NOT Gate Push-Back                                                              ; On                 ; On                 ;
; Power-Up Don't Care                                                             ; On                 ; On                 ;
; Remove Redundant Logic Cells                                                    ; Off                ; Off                ;
; Remove Duplicate Registers                                                      ; On                 ; On                 ;
; Ignore CARRY Buffers                                                            ; Off                ; Off                ;
; Ignore CASCADE Buffers                                                          ; Off                ; Off                ;
; Ignore GLOBAL Buffers                                                           ; Off                ; Off                ;
; Ignore ROW GLOBAL Buffers                                                       ; Off                ; Off                ;
; Ignore LCELL Buffers                                                            ; Off                ; Off                ;
; Ignore SOFT Buffers                                                             ; On                 ; On                 ;
; Limit AHDL Integers to 32 Bits                                                  ; Off                ; Off                ;
; Optimization Technique                                                          ; Balanced           ; Balanced           ;
; Carry Chain Length                                                              ; 70                 ; 70                 ;
; Auto Carry Chains                                                               ; On                 ; On                 ;
; Auto Open-Drain Pins                                                            ; On                 ; On                 ;
; Perform WYSIWYG Primitive Resynthesis                                           ; Off                ; Off                ;
; Auto ROM Replacement                                                            ; On                 ; On                 ;
; Auto RAM Replacement                                                            ; On                 ; On                 ;
; Auto DSP Block Replacement                                                      ; On                 ; On                 ;
; Auto Shift Register Replacement                                                 ; Auto               ; Auto               ;
; Allow Shift Register Merging across Hierarchies                                 ; Auto               ; Auto               ;
; Auto Clock Enable Replacement                                                   ; On                 ; On                 ;
; Strict RAM Replacement                                                          ; Off                ; Off                ;
; Allow Synchronous Control Signals                                               ; On                 ; On                 ;
; Force Use of Synchronous Clear Signals                                          ; Off                ; Off                ;
; Auto Resource Sharing                                                           ; Off                ; Off                ;
; Allow Any RAM Size For Recognition                                              ; Off                ; Off                ;
; Allow Any ROM Size For Recognition                                              ; Off                ; Off                ;
; Allow Any Shift Register Size For Recognition                                   ; Off                ; Off                ;
; Use LogicLock Constraints during Resource Balancing                             ; On                 ; On                 ;
; Ignore translate_off and synthesis_off directives                               ; Off                ; Off                ;
; Timing-Driven Synthesis                                                         ; On                 ; On                 ;
; Report Parameter Settings                                                       ; On                 ; On                 ;
; Report Source Assignments                                                       ; On                 ; On                 ;
; Report Connectivity Checks                                                      ; On                 ; On                 ;
; Ignore Maximum Fan-Out Assignments                                              ; Off                ; Off                ;
; Synchronization Register Chain Length                                           ; 3                  ; 3                  ;
; Power Optimization During Synthesis                                             ; Normal compilation ; Normal compilation ;
; HDL message level                                                               ; Level2             ; Level2             ;
; Suppress Register Optimization Related Messages                                 ; Off                ; Off                ;
; Number of Removed Registers Reported in Synthesis Report                        ; 5000               ; 5000               ;
; Number of Swept Nodes Reported in Synthesis Report                              ; 5000               ; 5000               ;
; Number of Inverted Registers Reported in Synthesis Report                       ; 100                ; 100                ;
; Clock MUX Protection                                                            ; On                 ; On                 ;
; Auto Gated Clock Conversion                                                     ; Off                ; Off                ;
; Block Design Naming                                                             ; Auto               ; Auto               ;
; SDC constraint protection                                                       ; Off                ; Off                ;
; Synthesis Effort                                                                ; Auto               ; Auto               ;
; Shift Register Replacement - Allow Asynchronous Clear Signal                    ; On                 ; On                 ;
; Pre-Mapping Resynthesis Optimization                                            ; Off                ; Off                ;
; Analysis & Synthesis Message Level                                              ; Medium             ; Medium             ;
; Disable Register Merging Across Hierarchies                                     ; Auto               ; Auto               ;
; Resource Aware Inference For Block RAM                                          ; On                 ; On                 ;
; Automatic Parallel Synthesis                                                    ; On                 ; On                 ;
; Partial Reconfiguration Bitstream ID                                            ; Off                ; Off                ;
+---------------------------------------------------------------------------------+--------------------+--------------------+


+------------------------------------------+
; Parallel Compilation                     ;
+----------------------------+-------------+
; Processors                 ; Number      ;
+----------------------------+-------------+
; Number detected on machine ; 8           ;
; Maximum allowed            ; 4           ;
;                            ;             ;
; Average used               ; 1.00        ;
; Maximum used               ; 4           ;
;                            ;             ;
; Usage by Processor         ; % Time Used ;
;     Processor 1            ; 100.0%      ;
;     Processors 2-4         ;   0.0%      ;
+----------------------------+-------------+


+----------------------------------------------------------------------------------------------------------------------------------------------------------------------------------------------------------------------------------------------------------+
; Analysis & Synthesis Source Files Read                                                                                                                                                                                                                   ;
+----------------------------------+-----------------+------------------------+------------------------------------------------------------------------------------------------------------------------------------------------------------------+---------+
; File Name with User-Entered Path ; Used in Netlist ; File Type              ; File Name with Absolute Path                                                                                                                                     ; Library ;
+----------------------------------+-----------------+------------------------+------------------------------------------------------------------------------------------------------------------------------------------------------------------+---------+
; S1_unidade_controle.v            ; yes             ; User Verilog HDL File  ; C:/Users/LABPROC-PCS/Desktop/LabSposo/Projeto-Lab-dig/quartus/circuito_PROJETO_ALPHA_1.0_restored/S1BB7/circuito_S1_restored/circuito_exp6/S1_unidade_controle.v ;         ;
; S1_fluxo_dados.v                 ; yes             ; User Verilog HDL File  ; C:/Users/LABPROC-PCS/Desktop/LabSposo/Projeto-Lab-dig/quartus/circuito_PROJETO_ALPHA_1.0_restored/S1BB7/circuito_S1_restored/circuito_exp6/S1_fluxo_dados.v      ;         ;
; mux2x1_7.v                       ; yes             ; User Verilog HDL File  ; C:/Users/LABPROC-PCS/Desktop/LabSposo/Projeto-Lab-dig/quartus/circuito_PROJETO_ALPHA_1.0_restored/S1BB7/circuito_S1_restored/circuito_exp6/mux2x1_7.v            ;         ;
; hexa7seg.v                       ; yes             ; User Verilog HDL File  ; C:/Users/LABPROC-PCS/Desktop/LabSposo/Projeto-Lab-dig/quartus/circuito_PROJETO_ALPHA_1.0_restored/S1BB7/circuito_S1_restored/circuito_exp6/hexa7seg.v            ;         ;
; estado7seg.v                     ; yes             ; User Verilog HDL File  ; C:/Users/LABPROC-PCS/Desktop/LabSposo/Projeto-Lab-dig/quartus/circuito_PROJETO_ALPHA_1.0_restored/S1BB7/circuito_S1_restored/circuito_exp6/estado7seg.v          ;         ;
; conversor7seg.v                  ; yes             ; User Verilog HDL File  ; C:/Users/LABPROC-PCS/Desktop/LabSposo/Projeto-Lab-dig/quartus/circuito_PROJETO_ALPHA_1.0_restored/S1BB7/circuito_S1_restored/circuito_exp6/conversor7seg.v       ;         ;
; contador_m.v                     ; yes             ; User Verilog HDL File  ; C:/Users/LABPROC-PCS/Desktop/LabSposo/Projeto-Lab-dig/quartus/circuito_PROJETO_ALPHA_1.0_restored/S1BB7/circuito_S1_restored/circuito_exp6/contador_m.v          ;         ;
; circuito_S1.v                    ; yes             ; User Verilog HDL File  ; C:/Users/LABPROC-PCS/Desktop/LabSposo/Projeto-Lab-dig/quartus/circuito_PROJETO_ALPHA_1.0_restored/S1BB7/circuito_S1_restored/circuito_exp6/circuito_S1.v         ;         ;
; bin2bcd.v                        ; yes             ; User Verilog HDL File  ; C:/Users/LABPROC-PCS/Desktop/LabSposo/Projeto-Lab-dig/quartus/circuito_PROJETO_ALPHA_1.0_restored/S1BB7/circuito_S1_restored/circuito_exp6/bin2bcd.v             ;         ;
; arduino_connector.v              ; yes             ; User Verilog HDL File  ; C:/Users/LABPROC-PCS/Desktop/LabSposo/Projeto-Lab-dig/quartus/circuito_PROJETO_ALPHA_1.0_restored/S1BB7/circuito_S1_restored/circuito_exp6/arduino_connector.v   ;         ;
+----------------------------------+-----------------+------------------------+------------------------------------------------------------------------------------------------------------------------------------------------------------------+---------+


+-----------------------------------------------------------+
; Analysis & Synthesis Resource Usage Summary               ;
+---------------------------------------------+-------------+
; Resource                                    ; Usage       ;
+---------------------------------------------+-------------+
; Estimate of Logic utilization (ALMs needed) ; 84          ;
;                                             ;             ;
; Combinational ALUT usage for logic          ; 144         ;
;     -- 7 input functions                    ; 0           ;
;     -- 6 input functions                    ; 22          ;
;     -- 5 input functions                    ; 22          ;
;     -- 4 input functions                    ; 41          ;
;     -- <=3 input functions                  ; 59          ;
;                                             ;             ;
; Dedicated logic registers                   ; 74          ;
;                                             ;             ;
; I/O pins                                    ; 78          ;
;                                             ;             ;
; Total DSP Blocks                            ; 0           ;
;                                             ;             ;
; Maximum fan-out node                        ; clock~input ;
; Maximum fan-out                             ; 75          ;
; Total fan-out                               ; 907         ;
; Average fan-out                             ; 2.43        ;
+---------------------------------------------+-------------+


+---------------------------------------------------------------------------------------------------------------------------------------------------------------------------------------------------------------------------------------------------------+
; Analysis & Synthesis Resource Utilization by Entity                                                                                                                                                                                                     ;
+-----------------------------------------+---------------------+---------------------------+-------------------+------------+------+--------------+-----------------------------------------------------------------+---------------------+--------------+
; Compilation Hierarchy Node              ; Combinational ALUTs ; Dedicated Logic Registers ; Block Memory Bits ; DSP Blocks ; Pins ; Virtual Pins ; Full Hierarchy Name                                             ; Entity Name         ; Library Name ;
+-----------------------------------------+---------------------+---------------------------+-------------------+------------+------+--------------+-----------------------------------------------------------------+---------------------+--------------+
; |circuito_S1                            ; 144 (0)             ; 74 (0)                    ; 0                 ; 0          ; 78   ; 0            ; |circuito_S1                                                    ; circuito_S1         ; work         ;
;    |S1_fluxo_dados:FD|                  ; 83 (2)              ; 50 (0)                    ; 0                 ; 0          ; 0    ; 0            ; |circuito_S1|S1_fluxo_dados:FD                                  ; S1_fluxo_dados      ; work         ;
;       |arduino_connection:Arduino_Play| ; 7 (7)               ; 0 (0)                     ; 0                 ; 0          ; 0    ; 0            ; |circuito_S1|S1_fluxo_dados:FD|arduino_connection:Arduino_Play  ; arduino_connection  ; work         ;
;       |comparador_85:CompFim|           ; 1 (1)               ; 0 (0)                     ; 0                 ; 0          ; 0    ; 0            ; |circuito_S1|S1_fluxo_dados:FD|comparador_85:CompFim            ; comparador_85       ; work         ;
;       |comparador_85:CompLmt|           ; 2 (2)               ; 0 (0)                     ; 0                 ; 0          ; 0    ; 0            ; |circuito_S1|S1_fluxo_dados:FD|comparador_85:CompLmt            ; comparador_85       ; work         ;
;       |comparador_85_7:CompJog|         ; 4 (4)               ; 0 (0)                     ; 0                 ; 0          ; 0    ; 0            ; |circuito_S1|S1_fluxo_dados:FD|comparador_85_7:CompJog          ; comparador_85_7     ; work         ;
;       |contador_163:ContEnd|            ; 5 (5)               ; 4 (4)                     ; 0                 ; 0          ; 0    ; 0            ; |circuito_S1|S1_fluxo_dados:FD|contador_163:ContEnd             ; contador_163        ; work         ;
;       |contador_163:ContLmt|            ; 6 (6)               ; 4 (4)                     ; 0                 ; 0          ; 0    ; 0            ; |circuito_S1|S1_fluxo_dados:FD|contador_163:ContLmt             ; contador_163        ; work         ;
;       |contador_m:contador_5000|        ; 17 (17)             ; 13 (13)                   ; 0                 ; 0          ; 0    ; 0            ; |circuito_S1|S1_fluxo_dados:FD|contador_m:contador_5000         ; contador_m          ; work         ;
;       |contador_m:contador_500|         ; 19 (19)             ; 13 (13)                   ; 0                 ; 0          ; 0    ; 0            ; |circuito_S1|S1_fluxo_dados:FD|contador_m:contador_500          ; contador_m          ; work         ;
;       |edge_detector:detector_borda|    ; 0 (0)               ; 2 (2)                     ; 0                 ; 0          ; 0    ; 0            ; |circuito_S1|S1_fluxo_dados:FD|edge_detector:detector_borda     ; edge_detector       ; work         ;
;       |mux2x1_7:Arduino_sound|          ; 7 (7)               ; 0 (0)                     ; 0                 ; 0          ; 0    ; 0            ; |circuito_S1|S1_fluxo_dados:FD|mux2x1_7:Arduino_sound           ; mux2x1_7            ; work         ;
;       |mux2x1_7:MUX2|                   ; 7 (7)               ; 0 (0)                     ; 0                 ; 0          ; 0    ; 0            ; |circuito_S1|S1_fluxo_dados:FD|mux2x1_7:MUX2                    ; mux2x1_7            ; work         ;
;       |registrador_7:RegBotoes|         ; 0 (0)               ; 7 (7)                     ; 0                 ; 0          ; 0    ; 0            ; |circuito_S1|S1_fluxo_dados:FD|registrador_7:RegBotoes          ; registrador_7       ; work         ;
;       |sync_rom_16x4_1:memoria1|        ; 6 (6)               ; 7 (7)                     ; 0                 ; 0          ; 0    ; 0            ; |circuito_S1|S1_fluxo_dados:FD|sync_rom_16x4_1:memoria1         ; sync_rom_16x4_1     ; work         ;
;    |S1_unidade_controle:UC|             ; 33 (33)             ; 20 (20)                   ; 0                 ; 0          ; 0    ; 0            ; |circuito_S1|S1_unidade_controle:UC                             ; S1_unidade_controle ; work         ;
;    |conversor7seg:convPontos|           ; 6 (4)               ; 2 (0)                     ; 0                 ; 0          ; 0    ; 0            ; |circuito_S1|conversor7seg:convPontos                           ; conversor7seg       ; work         ;
;       |contador_m:contador_ordem|       ; 2 (2)               ; 2 (2)                     ; 0                 ; 0          ; 0    ; 0            ; |circuito_S1|conversor7seg:convPontos|contador_m:contador_ordem ; contador_m          ; work         ;
;    |edge_detector:detector_borda|       ; 0 (0)               ; 2 (2)                     ; 0                 ; 0          ; 0    ; 0            ; |circuito_S1|edge_detector:detector_borda                       ; edge_detector       ; work         ;
;    |estado7seg:HEX5|                    ; 7 (7)               ; 0 (0)                     ; 0                 ; 0          ; 0    ; 0            ; |circuito_S1|estado7seg:HEX5                                    ; estado7seg          ; work         ;
;    |hexa7seg:HEX0|                      ; 8 (8)               ; 0 (0)                     ; 0                 ; 0          ; 0    ; 0            ; |circuito_S1|hexa7seg:HEX0                                      ; hexa7seg            ; work         ;
;    |hexa7seg:HEX3|                      ; 7 (7)               ; 0 (0)                     ; 0                 ; 0          ; 0    ; 0            ; |circuito_S1|hexa7seg:HEX3                                      ; hexa7seg            ; work         ;
+-----------------------------------------+---------------------+---------------------------+-------------------+------------+------+--------------+-----------------------------------------------------------------+---------------------+--------------+
Note: For table entries with two numbers listed, the numbers in parentheses indicate the number of resources of the given type used by the specific entity alone. The numbers listed outside of parentheses indicate the total resources of the given type used by the specific entity and all of its sub-entities in the hierarchy.


Encoding Type:  One-Hot
+---------------------------------------------------------------------------------------------------------------------------------------------------------------------------------------------------------------------------------------------------------------------------------------------------------------------------------------------------------------------------------------------------------------------------+
; State Machine - |circuito_S1|S1_unidade_controle:UC|Eatual                                                                                                                                                                                                                                                                                                                                                                ;
+----------------------+--------------------+-----------------+-----------------+---------------------+--------------------+--------------+--------------------+-----------------+-------------------+--------------------+--------------------+-----------------+------------------+----------------+-------------------+-----------------+----------------------+--------------------+-------------------+----------------+
; Name                 ; Eatual.modo_treino ; Eatual.prep_fim ; Eatual.prox_pos ; Eatual.salva_pontos ; Eatual.calc_pontos ; Eatual.errou ; Eatual.fim_timeout ; Eatual.preparaE ; Eatual.fim_rodada ; Eatual.fim_acertou ; Eatual.incrementaE ; Eatual.comparaJ ; Eatual.toca_nota ; Eatual.proximo ; Eatual.comparacao ; Eatual.registra ; Eatual.espera_jogada ; Eatual.prox_rodada ; Eatual.preparacao ; Eatual.inicial ;
+----------------------+--------------------+-----------------+-----------------+---------------------+--------------------+--------------+--------------------+-----------------+-------------------+--------------------+--------------------+-----------------+------------------+----------------+-------------------+-----------------+----------------------+--------------------+-------------------+----------------+
; Eatual.inicial       ; 0                  ; 0               ; 0               ; 0                   ; 0                  ; 0            ; 0                  ; 0               ; 0                 ; 0                  ; 0                  ; 0               ; 0                ; 0              ; 0                 ; 0               ; 0                    ; 0                  ; 0                 ; 0              ;
; Eatual.preparacao    ; 0                  ; 0               ; 0               ; 0                   ; 0                  ; 0            ; 0                  ; 0               ; 0                 ; 0                  ; 0                  ; 0               ; 0                ; 0              ; 0                 ; 0               ; 0                    ; 0                  ; 1                 ; 1              ;
; Eatual.prox_rodada   ; 0                  ; 0               ; 0               ; 0                   ; 0                  ; 0            ; 0                  ; 0               ; 0                 ; 0                  ; 0                  ; 0               ; 0                ; 0              ; 0                 ; 0               ; 0                    ; 1                  ; 0                 ; 1              ;
; Eatual.espera_jogada ; 0                  ; 0               ; 0               ; 0                   ; 0                  ; 0            ; 0                  ; 0               ; 0                 ; 0                  ; 0                  ; 0               ; 0                ; 0              ; 0                 ; 0               ; 1                    ; 0                  ; 0                 ; 1              ;
; Eatual.registra      ; 0                  ; 0               ; 0               ; 0                   ; 0                  ; 0            ; 0                  ; 0               ; 0                 ; 0                  ; 0                  ; 0               ; 0                ; 0              ; 0                 ; 1               ; 0                    ; 0                  ; 0                 ; 1              ;
; Eatual.comparacao    ; 0                  ; 0               ; 0               ; 0                   ; 0                  ; 0            ; 0                  ; 0               ; 0                 ; 0                  ; 0                  ; 0               ; 0                ; 0              ; 1                 ; 0               ; 0                    ; 0                  ; 0                 ; 1              ;
; Eatual.proximo       ; 0                  ; 0               ; 0               ; 0                   ; 0                  ; 0            ; 0                  ; 0               ; 0                 ; 0                  ; 0                  ; 0               ; 0                ; 1              ; 0                 ; 0               ; 0                    ; 0                  ; 0                 ; 1              ;
; Eatual.toca_nota     ; 0                  ; 0               ; 0               ; 0                   ; 0                  ; 0            ; 0                  ; 0               ; 0                 ; 0                  ; 0                  ; 0               ; 1                ; 0              ; 0                 ; 0               ; 0                    ; 0                  ; 0                 ; 1              ;
; Eatual.comparaJ      ; 0                  ; 0               ; 0               ; 0                   ; 0                  ; 0            ; 0                  ; 0               ; 0                 ; 0                  ; 0                  ; 1               ; 0                ; 0              ; 0                 ; 0               ; 0                    ; 0                  ; 0                 ; 1              ;
; Eatual.incrementaE   ; 0                  ; 0               ; 0               ; 0                   ; 0                  ; 0            ; 0                  ; 0               ; 0                 ; 0                  ; 1                  ; 0               ; 0                ; 0              ; 0                 ; 0               ; 0                    ; 0                  ; 0                 ; 1              ;
; Eatual.fim_acertou   ; 0                  ; 0               ; 0               ; 0                   ; 0                  ; 0            ; 0                  ; 0               ; 0                 ; 1                  ; 0                  ; 0               ; 0                ; 0              ; 0                 ; 0               ; 0                    ; 0                  ; 0                 ; 1              ;
; Eatual.fim_rodada    ; 0                  ; 0               ; 0               ; 0                   ; 0                  ; 0            ; 0                  ; 0               ; 1                 ; 0                  ; 0                  ; 0               ; 0                ; 0              ; 0                 ; 0               ; 0                    ; 0                  ; 0                 ; 1              ;
; Eatual.preparaE      ; 0                  ; 0               ; 0               ; 0                   ; 0                  ; 0            ; 0                  ; 1               ; 0                 ; 0                  ; 0                  ; 0               ; 0                ; 0              ; 0                 ; 0               ; 0                    ; 0                  ; 0                 ; 1              ;
; Eatual.fim_timeout   ; 0                  ; 0               ; 0               ; 0                   ; 0                  ; 0            ; 1                  ; 0               ; 0                 ; 0                  ; 0                  ; 0               ; 0                ; 0              ; 0                 ; 0               ; 0                    ; 0                  ; 0                 ; 1              ;
; Eatual.errou         ; 0                  ; 0               ; 0               ; 0                   ; 0                  ; 1            ; 0                  ; 0               ; 0                 ; 0                  ; 0                  ; 0               ; 0                ; 0              ; 0                 ; 0               ; 0                    ; 0                  ; 0                 ; 1              ;
; Eatual.calc_pontos   ; 0                  ; 0               ; 0               ; 0                   ; 1                  ; 0            ; 0                  ; 0               ; 0                 ; 0                  ; 0                  ; 0               ; 0                ; 0              ; 0                 ; 0               ; 0                    ; 0                  ; 0                 ; 1              ;
; Eatual.salva_pontos  ; 0                  ; 0               ; 0               ; 1                   ; 0                  ; 0            ; 0                  ; 0               ; 0                 ; 0                  ; 0                  ; 0               ; 0                ; 0              ; 0                 ; 0               ; 0                    ; 0                  ; 0                 ; 1              ;
; Eatual.prox_pos      ; 0                  ; 0               ; 1               ; 0                   ; 0                  ; 0            ; 0                  ; 0               ; 0                 ; 0                  ; 0                  ; 0               ; 0                ; 0              ; 0                 ; 0               ; 0                    ; 0                  ; 0                 ; 1              ;
; Eatual.prep_fim      ; 0                  ; 1               ; 0               ; 0                   ; 0                  ; 0            ; 0                  ; 0               ; 0                 ; 0                  ; 0                  ; 0               ; 0                ; 0              ; 0                 ; 0               ; 0                    ; 0                  ; 0                 ; 1              ;
; Eatual.modo_treino   ; 1                  ; 0               ; 0               ; 0                   ; 0                  ; 0            ; 0                  ; 0               ; 0                 ; 0                  ; 0                  ; 0               ; 0                ; 0              ; 0                 ; 0               ; 0                    ; 0                  ; 0                 ; 1              ;
+----------------------+--------------------+-----------------+-----------------+---------------------+--------------------+--------------+--------------------+-----------------+-------------------+--------------------+--------------------+-----------------+------------------+----------------+-------------------+-----------------+----------------------+--------------------+-------------------+----------------+


+-----------------------------------------------------------------------------------------------------------------------------+
; Registers Removed During Synthesis                                                                                          ;
+--------------------------------------------------------+--------------------------------------------------------------------+
; Register name                                          ; Reason for Removal                                                 ;
+--------------------------------------------------------+--------------------------------------------------------------------+
; S1_fluxo_dados:FD|sync_rom_16x4_2:memoria2|data_out[6] ; Merged with S1_fluxo_dados:FD|sync_rom_16x4_1:memoria1|data_out[6] ;
; S1_fluxo_dados:FD|sync_rom_16x4_2:memoria2|data_out[5] ; Merged with S1_fluxo_dados:FD|sync_rom_16x4_1:memoria1|data_out[5] ;
; S1_fluxo_dados:FD|sync_rom_16x4_2:memoria2|data_out[4] ; Merged with S1_fluxo_dados:FD|sync_rom_16x4_1:memoria1|data_out[4] ;
; S1_fluxo_dados:FD|sync_rom_16x4_2:memoria2|data_out[3] ; Merged with S1_fluxo_dados:FD|sync_rom_16x4_1:memoria1|data_out[3] ;
; S1_fluxo_dados:FD|sync_rom_16x4_2:memoria2|data_out[2] ; Merged with S1_fluxo_dados:FD|sync_rom_16x4_1:memoria1|data_out[2] ;
; S1_fluxo_dados:FD|sync_rom_16x4_2:memoria2|data_out[1] ; Merged with S1_fluxo_dados:FD|sync_rom_16x4_1:memoria1|data_out[1] ;
; S1_fluxo_dados:FD|sync_rom_16x4_2:memoria2|data_out[0] ; Merged with S1_fluxo_dados:FD|sync_rom_16x4_1:memoria1|data_out[0] ;
; S1_unidade_controle:UC|Eatual~4                        ; Lost fanout                                                        ;
; S1_unidade_controle:UC|Eatual~5                        ; Lost fanout                                                        ;
; S1_unidade_controle:UC|Eatual~6                        ; Lost fanout                                                        ;
; S1_unidade_controle:UC|Eatual~7                        ; Lost fanout                                                        ;
; S1_unidade_controle:UC|Eatual~8                        ; Lost fanout                                                        ;
; Total Number of Removed Registers = 12                 ;                                                                    ;
+--------------------------------------------------------+--------------------------------------------------------------------+


+------------------------------------------------------+
; General Register Statistics                          ;
+----------------------------------------------+-------+
; Statistic                                    ; Value ;
+----------------------------------------------+-------+
; Total registers                              ; 74    ;
; Number of registers using Synchronous Clear  ; 26    ;
; Number of registers using Synchronous Load   ; 0     ;
; Number of registers using Asynchronous Clear ; 31    ;
; Number of registers using Asynchronous Load  ; 0     ;
; Number of registers using Clock Enable       ; 41    ;
; Number of registers using Preset             ; 0     ;
+----------------------------------------------+-------+


+----------------------------------------------------------------------------------------------------------------------------------------------------------------------------+
; Multiplexer Restructuring Statistics (Restructuring Performed)                                                                                                             ;
+--------------------+-----------+---------------+----------------------+------------------------+------------+--------------------------------------------------------------+
; Multiplexer Inputs ; Bus Width ; Baseline Area ; Area if Restructured ; Saving if Restructured ; Registered ; Example Multiplexer Output                                   ;
+--------------------+-----------+---------------+----------------------+------------------------+------------+--------------------------------------------------------------+
; 3:1                ; 4 bits    ; 8 LEs         ; 4 LEs                ; 4 LEs                  ; Yes        ; |circuito_S1|S1_fluxo_dados:FD|contador_163:ContEnd|Q[3]     ;
; 3:1                ; 4 bits    ; 8 LEs         ; 4 LEs                ; 4 LEs                  ; Yes        ; |circuito_S1|S1_fluxo_dados:FD|contador_163:ContLmt|Q[3]     ;
; 4:1                ; 13 bits   ; 26 LEs        ; 0 LEs                ; 26 LEs                 ; Yes        ; |circuito_S1|S1_fluxo_dados:FD|contador_m:contador_500|Q[11] ;
; 4:1                ; 13 bits   ; 26 LEs        ; 0 LEs                ; 26 LEs                 ; Yes        ; |circuito_S1|S1_fluxo_dados:FD|contador_m:contador_5000|Q[9] ;
; 3:1                ; 7 bits    ; 14 LEs        ; 14 LEs               ; 0 LEs                  ; No         ; |circuito_S1|S1_fluxo_dados:FD|mux2x1_7:MUX2|OUT[6]          ;
; 3:1                ; 2 bits    ; 4 LEs         ; 4 LEs                ; 0 LEs                  ; No         ; |circuito_S1|S1_unidade_controle:UC|Eprox.prep_fim           ;
+--------------------+-----------+---------------+----------------------+------------------------+------------+--------------------------------------------------------------+


+-----------------------------------------------------------------------------------------+
; Parameter Settings for User Entity Instance: S1_fluxo_dados:FD|contador_m:contador_5000 ;
+----------------+-------+----------------------------------------------------------------+
; Parameter Name ; Value ; Type                                                           ;
+----------------+-------+----------------------------------------------------------------+
; M              ; 5000  ; Signed Integer                                                 ;
; N              ; 13    ; Signed Integer                                                 ;
+----------------+-------+----------------------------------------------------------------+
Note: In order to hide this table in the UI and the text report file, please set the "Show Parameter Settings in Synthesis Report" option in "Analysis and Synthesis Settings -> More Settings" to "Off".


+----------------------------------------------------------------------------------------+
; Parameter Settings for User Entity Instance: S1_fluxo_dados:FD|contador_m:contador_500 ;
+----------------+-------+---------------------------------------------------------------+
; Parameter Name ; Value ; Type                                                          ;
+----------------+-------+---------------------------------------------------------------+
; M              ; 500   ; Signed Integer                                                ;
; N              ; 13    ; Signed Integer                                                ;
+----------------+-------+---------------------------------------------------------------+
Note: In order to hide this table in the UI and the text report file, please set the "Show Parameter Settings in Synthesis Report" option in "Analysis and Synthesis Settings -> More Settings" to "Off".


+---------------------------------------------------------------------+
; Parameter Settings for User Entity Instance: S1_unidade_controle:UC ;
+----------------+-------+--------------------------------------------+
; Parameter Name ; Value ; Type                                       ;
+----------------+-------+--------------------------------------------+
; inicial        ; 00000 ; Unsigned Binary                            ;
; preparacao     ; 00001 ; Unsigned Binary                            ;
; espera_jogada  ; 00011 ; Unsigned Binary                            ;
; registra       ; 00100 ; Unsigned Binary                            ;
; comparacao     ; 00101 ; Unsigned Binary                            ;
; proximo        ; 00110 ; Unsigned Binary                            ;
; toca_nota      ; 00111 ; Unsigned Binary                            ;
; comparaJ       ; 01000 ; Unsigned Binary                            ;
; incrementaE    ; 01001 ; Unsigned Binary                            ;
; preparaE       ; 01100 ; Unsigned Binary                            ;
; fim_rodada     ; 01011 ; Unsigned Binary                            ;
; prox_rodada    ; 00010 ; Unsigned Binary                            ;
; errou          ; 01110 ; Unsigned Binary                            ;
; fim_acertou    ; 01010 ; Unsigned Binary                            ;
; fim_timeout    ; 01101 ; Unsigned Binary                            ;
; calc_pontos    ; 10000 ; Unsigned Binary                            ;
; salva_pontos   ; 10001 ; Unsigned Binary                            ;
; prox_pos       ; 10010 ; Unsigned Binary                            ;
; prep_fim       ; 10011 ; Unsigned Binary                            ;
; modo_treino    ; 10100 ; Unsigned Binary                            ;
+----------------+-------+--------------------------------------------+
Note: In order to hide this table in the UI and the text report file, please set the "Show Parameter Settings in Synthesis Report" option in "Analysis and Synthesis Settings -> More Settings" to "Off".


+-------------------------------------------------------------------------------------------------+
; Parameter Settings for User Entity Instance: conversor7seg:convPontos|contador_m:contador_ordem ;
+----------------+-------+------------------------------------------------------------------------+
; Parameter Name ; Value ; Type                                                                   ;
+----------------+-------+------------------------------------------------------------------------+
; M              ; 4     ; Signed Integer                                                         ;
; N              ; 2     ; Signed Integer                                                         ;
+----------------+-------+------------------------------------------------------------------------+
Note: In order to hide this table in the UI and the text report file, please set the "Show Parameter Settings in Synthesis Report" option in "Analysis and Synthesis Settings -> More Settings" to "Off".


+-------------------------------------------------------------------------------------------------------------------+
; Port Connectivity Checks: "conversor7seg:convPontos|hexa7seg:disp_hund_inst"                                      ;
+---------+--------+----------+-------------------------------------------------------------------------------------+
; Port    ; Type   ; Severity ; Details                                                                             ;
+---------+--------+----------+-------------------------------------------------------------------------------------+
; display ; Output ; Info     ; Connected to dangling logic. Logic that only feeds a dangling port will be removed. ;
+---------+--------+----------+-------------------------------------------------------------------------------------+


+-------------------------------------------------------------------------------------------------------------------------------------------------------------------------------+
; Port Connectivity Checks: "conversor7seg:convPontos|bin2bcd:conversor"                                                                                                        ;
+----------+--------+----------+------------------------------------------------------------------------------------------------------------------------------------------------+
; Port     ; Type   ; Severity ; Details                                                                                                                                        ;
+----------+--------+----------+------------------------------------------------------------------------------------------------------------------------------------------------+
; binary   ; Input  ; Warning  ; Input port expression (7 bits) is smaller than the input port (8 bits) it drives.  Extra input bit(s) "binary[7..7]" will be connected to GND. ;
; hundreds ; Output ; Info     ; Connected to dangling logic. Logic that only feeds a dangling port will be removed.                                                            ;
; tens     ; Output ; Info     ; Connected to dangling logic. Logic that only feeds a dangling port will be removed.                                                            ;
; ones     ; Output ; Info     ; Connected to dangling logic. Logic that only feeds a dangling port will be removed.                                                            ;
+----------+--------+----------+------------------------------------------------------------------------------------------------------------------------------------------------+


+--------------------------------------------------------------------------------+
; Port Connectivity Checks: "conversor7seg:convPontos|contador_m:contador_ordem" ;
+---------+--------+----------+--------------------------------------------------+
; Port    ; Type   ; Severity ; Details                                          ;
+---------+--------+----------+--------------------------------------------------+
; zera_as ; Input  ; Info     ; Stuck at GND                                     ;
; zera_s  ; Input  ; Info     ; Stuck at GND                                     ;
; conta   ; Input  ; Info     ; Stuck at VCC                                     ;
; fim     ; Output ; Info     ; Explicitly unconnected                           ;
; meio    ; Output ; Info     ; Explicitly unconnected                           ;
+---------+--------+----------+--------------------------------------------------+


+------------------------------------------------------------------------------------------------------------------------+
; Port Connectivity Checks: "S1_unidade_controle:UC"                                                                     ;
+--------------+--------+----------+-------------------------------------------------------------------------------------+
; Port         ; Type   ; Severity ; Details                                                                             ;
+--------------+--------+----------+-------------------------------------------------------------------------------------+
; mostraPontos ; Output ; Info     ; Connected to dangling logic. Logic that only feeds a dangling port will be removed. ;
+--------------+--------+----------+-------------------------------------------------------------------------------------+


+---------------------------------------------------------------------+
; Port Connectivity Checks: "S1_fluxo_dados:FD|contador_163:ContErro" ;
+------+--------+----------+------------------------------------------+
; Port ; Type   ; Severity ; Details                                  ;
+------+--------+----------+------------------------------------------+
; ld   ; Input  ; Info     ; Stuck at VCC                             ;
; ent  ; Input  ; Info     ; Stuck at VCC                             ;
; D    ; Input  ; Info     ; Stuck at GND                             ;
; rco  ; Output ; Info     ; Explicitly unconnected                   ;
+------+--------+----------+------------------------------------------+


+-----------------------------------------------------------------------------------------------------------------------+
; Port Connectivity Checks: "S1_fluxo_dados:FD|sync_ram_16x4:MemErro"                                                   ;
+-------------+--------+----------+-------------------------------------------------------------------------------------+
; Port        ; Type   ; Severity ; Details                                                                             ;
+-------------+--------+----------+-------------------------------------------------------------------------------------+
; data_out[0] ; Output ; Info     ; Connected to dangling logic. Logic that only feeds a dangling port will be removed. ;
+-------------+--------+----------+-------------------------------------------------------------------------------------+


+------------------------------------------------------------+
; Port Connectivity Checks: "S1_fluxo_dados:FD|mux2x1_7:MUX" ;
+------+-------+----------+----------------------------------+
; Port ; Type  ; Severity ; Details                          ;
+------+-------+----------+----------------------------------+
; D0   ; Input ; Info     ; Stuck at GND                     ;
+------+-------+----------+----------------------------------+


+-----------------------------------------------------------------------+
; Port Connectivity Checks: "S1_fluxo_dados:FD|contador_m:contador_500" ;
+---------+--------+----------+-----------------------------------------+
; Port    ; Type   ; Severity ; Details                                 ;
+---------+--------+----------+-----------------------------------------+
; zera_as ; Input  ; Info     ; Stuck at GND                            ;
; Q       ; Output ; Info     ; Explicitly unconnected                  ;
; meio    ; Output ; Info     ; Explicitly unconnected                  ;
+---------+--------+----------+-----------------------------------------+


+------------------------------------------------------------------------+
; Port Connectivity Checks: "S1_fluxo_dados:FD|contador_m:contador_5000" ;
+---------+--------+----------+------------------------------------------+
; Port    ; Type   ; Severity ; Details                                  ;
+---------+--------+----------+------------------------------------------+
; zera_as ; Input  ; Info     ; Stuck at GND                             ;
; Q       ; Output ; Info     ; Explicitly unconnected                   ;
; meio    ; Output ; Info     ; Explicitly unconnected                   ;
+---------+--------+----------+------------------------------------------+


+-----------------------------------------------------------------------+
; Port Connectivity Checks: "S1_fluxo_dados:FD|comparador_85_7:CompJog" ;
+------+--------+----------+--------------------------------------------+
; Port ; Type   ; Severity ; Details                                    ;
+------+--------+----------+--------------------------------------------+
; ALBi ; Input  ; Info     ; Stuck at GND                               ;
; AGBi ; Input  ; Info     ; Stuck at GND                               ;
; AEBi ; Input  ; Info     ; Stuck at VCC                               ;
; ALBo ; Output ; Info     ; Explicitly unconnected                     ;
; AGBo ; Output ; Info     ; Explicitly unconnected                     ;
+------+--------+----------+--------------------------------------------+


+---------------------------------------------------------------------+
; Port Connectivity Checks: "S1_fluxo_dados:FD|comparador_85:CompLmt" ;
+------+--------+----------+------------------------------------------+
; Port ; Type   ; Severity ; Details                                  ;
+------+--------+----------+------------------------------------------+
; ALBi ; Input  ; Info     ; Stuck at GND                             ;
; AGBi ; Input  ; Info     ; Stuck at GND                             ;
; AEBi ; Input  ; Info     ; Stuck at VCC                             ;
; ALBo ; Output ; Info     ; Explicitly unconnected                   ;
; AGBo ; Output ; Info     ; Explicitly unconnected                   ;
+------+--------+----------+------------------------------------------+


+--------------------------------------------------------------------+
; Port Connectivity Checks: "S1_fluxo_dados:FD|contador_163:ContEnd" ;
+------+-------+----------+------------------------------------------+
; Port ; Type  ; Severity ; Details                                  ;
+------+-------+----------+------------------------------------------+
; ld   ; Input ; Info     ; Stuck at VCC                             ;
; ent  ; Input ; Info     ; Stuck at VCC                             ;
; D    ; Input ; Info     ; Stuck at GND                             ;
+------+-------+----------+------------------------------------------+


+---------------------------------------------------------------------+
; Port Connectivity Checks: "S1_fluxo_dados:FD|comparador_85:CompFim" ;
+---------+--------+----------+---------------------------------------+
; Port    ; Type   ; Severity ; Details                               ;
+---------+--------+----------+---------------------------------------+
; B[2..0] ; Input  ; Info     ; Stuck at VCC                          ;
; ALBi    ; Input  ; Info     ; Stuck at GND                          ;
; AGBi    ; Input  ; Info     ; Stuck at GND                          ;
; AEBi    ; Input  ; Info     ; Stuck at VCC                          ;
; ALBo    ; Output ; Info     ; Explicitly unconnected                ;
; AGBo    ; Output ; Info     ; Explicitly unconnected                ;
+---------+--------+----------+---------------------------------------+


+----------------------------------------------------------------------------------------------------------------+
; Port Connectivity Checks: "S1_fluxo_dados:FD|contador_163:ContLmt"                                             ;
+------+--------+----------+-------------------------------------------------------------------------------------+
; Port ; Type   ; Severity ; Details                                                                             ;
+------+--------+----------+-------------------------------------------------------------------------------------+
; ld   ; Input  ; Info     ; Stuck at VCC                                                                        ;
; ent  ; Input  ; Info     ; Stuck at VCC                                                                        ;
; D    ; Input  ; Info     ; Stuck at GND                                                                        ;
; rco  ; Output ; Info     ; Connected to dangling logic. Logic that only feeds a dangling port will be removed. ;
+------+--------+----------+-------------------------------------------------------------------------------------+


+----------------------------------------------------------------------------------------------------------------------+
; Port Connectivity Checks: "S1_fluxo_dados:FD"                                                                        ;
+------------+--------+----------+-------------------------------------------------------------------------------------+
; Port       ; Type   ; Severity ; Details                                                                             ;
+------------+--------+----------+-------------------------------------------------------------------------------------+
; fimE       ; Output ; Info     ; Explicitly unconnected                                                              ;
; db_jogada  ; Output ; Info     ; Connected to dangling logic. Logic that only feeds a dangling port will be removed. ;
; db_memoria ; Output ; Info     ; Connected to dangling logic. Logic that only feeds a dangling port will be removed. ;
+------------+--------+----------+-------------------------------------------------------------------------------------+


+-----------------------------------------------------+
; Post-Synthesis Netlist Statistics for Top Partition ;
+-----------------------+-----------------------------+
; Type                  ; Count                       ;
+-----------------------+-----------------------------+
; arriav_ff             ; 74                          ;
;     CLR               ; 24                          ;
;     ENA               ; 8                           ;
;     ENA CLR           ; 7                           ;
;     ENA SCLR          ; 26                          ;
;     plain             ; 9                           ;
; arriav_lcell_comb     ; 157                         ;
;     arith             ; 26                          ;
;         1 data inputs ; 26                          ;
;     normal            ; 131                         ;
;         0 data inputs ; 2                           ;
;         1 data inputs ; 12                          ;
;         2 data inputs ; 13                          ;
;         3 data inputs ; 19                          ;
;         4 data inputs ; 41                          ;
;         5 data inputs ; 22                          ;
;         6 data inputs ; 22                          ;
; boundary_port         ; 78                          ;
;                       ;                             ;
; Max LUT depth         ; 4.00                        ;
; Average LUT depth     ; 2.33                        ;
+-----------------------+-----------------------------+


+-------------------------------+
; Elapsed Time Per Partition    ;
+----------------+--------------+
; Partition Name ; Elapsed Time ;
+----------------+--------------+
; Top            ; 00:00:00     ;
+----------------+--------------+


+-------------------------------+
; Analysis & Synthesis Messages ;
+-------------------------------+
Info: *******************************************************************
Info: Running Quartus Prime Analysis & Synthesis
    Info: Version 20.1.1 Build 720 11/11/2020 SJ Lite Edition
    Info: Processing started: Fri Mar 21 13:36:26 2025
Info: Command: quartus_map --read_settings_files=on --write_settings_files=off circuito_exp5 -c circuito_exp5
Warning (18236): Number of processors has not been specified which may cause overloading on shared machines.  Set the global assignment NUM_PARALLEL_PROCESSORS in your QSF to an appropriate value for best performance.
Info (20030): Parallel compilation is enabled and will use 4 of the 4 processors detected
Info (12021): Found 1 design units, including 1 entities, in source file s1_unidade_controle.v
    Info (12023): Found entity 1: S1_unidade_controle File: C:/Users/LABPROC-PCS/Desktop/LabSposo/Projeto-Lab-dig/quartus/circuito_PROJETO_ALPHA_1.0_restored/S1BB7/circuito_S1_restored/circuito_exp6/S1_unidade_controle.v Line: 1
Info (12021): Found 10 design units, including 10 entities, in source file s1_fluxo_dados.v
    Info (12023): Found entity 1: S1_fluxo_dados File: C:/Users/LABPROC-PCS/Desktop/LabSposo/Projeto-Lab-dig/quartus/circuito_PROJETO_ALPHA_1.0_restored/S1BB7/circuito_S1_restored/circuito_exp6/S1_fluxo_dados.v Line: 1
    Info (12023): Found entity 2: registrador_7 File: C:/Users/LABPROC-PCS/Desktop/LabSposo/Projeto-Lab-dig/quartus/circuito_PROJETO_ALPHA_1.0_restored/S1BB7/circuito_S1_restored/circuito_exp6/S1_fluxo_dados.v Line: 276
    Info (12023): Found entity 3: registrador_7_init File: C:/Users/LABPROC-PCS/Desktop/LabSposo/Projeto-Lab-dig/quartus/circuito_PROJETO_ALPHA_1.0_restored/S1BB7/circuito_S1_restored/circuito_exp6/S1_fluxo_dados.v Line: 301
    Info (12023): Found entity 4: sync_rom_16x4_1 File: C:/Users/LABPROC-PCS/Desktop/LabSposo/Projeto-Lab-dig/quartus/circuito_PROJETO_ALPHA_1.0_restored/S1BB7/circuito_S1_restored/circuito_exp6/S1_fluxo_dados.v Line: 317
    Info (12023): Found entity 5: sync_rom_16x4_2 File: C:/Users/LABPROC-PCS/Desktop/LabSposo/Projeto-Lab-dig/quartus/circuito_PROJETO_ALPHA_1.0_restored/S1BB7/circuito_S1_restored/circuito_exp6/S1_fluxo_dados.v Line: 345
    Info (12023): Found entity 6: sync_ram_16x4 File: C:/Users/LABPROC-PCS/Desktop/LabSposo/Projeto-Lab-dig/quartus/circuito_PROJETO_ALPHA_1.0_restored/S1BB7/circuito_S1_restored/circuito_exp6/S1_fluxo_dados.v Line: 373
    Info (12023): Found entity 7: comparador_85 File: C:/Users/LABPROC-PCS/Desktop/LabSposo/Projeto-Lab-dig/quartus/circuito_PROJETO_ALPHA_1.0_restored/S1BB7/circuito_S1_restored/circuito_exp6/S1_fluxo_dados.v Line: 410
    Info (12023): Found entity 8: comparador_85_7 File: C:/Users/LABPROC-PCS/Desktop/LabSposo/Projeto-Lab-dig/quartus/circuito_PROJETO_ALPHA_1.0_restored/S1BB7/circuito_S1_restored/circuito_exp6/S1_fluxo_dados.v Line: 425
    Info (12023): Found entity 9: contador_163 File: C:/Users/LABPROC-PCS/Desktop/LabSposo/Projeto-Lab-dig/quartus/circuito_PROJETO_ALPHA_1.0_restored/S1BB7/circuito_S1_restored/circuito_exp6/S1_fluxo_dados.v Line: 440
    Info (12023): Found entity 10: edge_detector File: C:/Users/LABPROC-PCS/Desktop/LabSposo/Projeto-Lab-dig/quartus/circuito_PROJETO_ALPHA_1.0_restored/S1BB7/circuito_S1_restored/circuito_exp6/S1_fluxo_dados.v Line: 457
Info (12021): Found 1 design units, including 1 entities, in source file mux2x1_7.v
    Info (12023): Found entity 1: mux2x1_7 File: C:/Users/LABPROC-PCS/Desktop/LabSposo/Projeto-Lab-dig/quartus/circuito_PROJETO_ALPHA_1.0_restored/S1BB7/circuito_S1_restored/circuito_exp6/mux2x1_7.v Line: 3
Info (12021): Found 1 design units, including 1 entities, in source file mux2x1.v
    Info (12023): Found entity 1: mux2x1 File: C:/Users/LABPROC-PCS/Desktop/LabSposo/Projeto-Lab-dig/quartus/circuito_PROJETO_ALPHA_1.0_restored/S1BB7/circuito_S1_restored/circuito_exp6/mux2x1.v Line: 18
Info (12021): Found 1 design units, including 1 entities, in source file hexa7seg.v
    Info (12023): Found entity 1: hexa7seg File: C:/Users/LABPROC-PCS/Desktop/LabSposo/Projeto-Lab-dig/quartus/circuito_PROJETO_ALPHA_1.0_restored/S1BB7/circuito_S1_restored/circuito_exp6/hexa7seg.v Line: 23
Info (12021): Found 1 design units, including 1 entities, in source file estado7seg.v
    Info (12023): Found entity 1: estado7seg File: C:/Users/LABPROC-PCS/Desktop/LabSposo/Projeto-Lab-dig/quartus/circuito_PROJETO_ALPHA_1.0_restored/S1BB7/circuito_S1_restored/circuito_exp6/estado7seg.v Line: 23
Info (12021): Found 1 design units, including 1 entities, in source file display_pontos.v
    Info (12023): Found entity 1: display_pontos File: C:/Users/LABPROC-PCS/Desktop/LabSposo/Projeto-Lab-dig/quartus/circuito_PROJETO_ALPHA_1.0_restored/S1BB7/circuito_S1_restored/circuito_exp6/display_pontos.v Line: 1
Info (12021): Found 1 design units, including 1 entities, in source file conversor7seg.v
    Info (12023): Found entity 1: conversor7seg File: C:/Users/LABPROC-PCS/Desktop/LabSposo/Projeto-Lab-dig/quartus/circuito_PROJETO_ALPHA_1.0_restored/S1BB7/circuito_S1_restored/circuito_exp6/conversor7seg.v Line: 1
Info (12021): Found 1 design units, including 1 entities, in source file contador_m.v
    Info (12023): Found entity 1: contador_m File: C:/Users/LABPROC-PCS/Desktop/LabSposo/Projeto-Lab-dig/quartus/circuito_PROJETO_ALPHA_1.0_restored/S1BB7/circuito_S1_restored/circuito_exp6/contador_m.v Line: 20
Info (12021): Found 1 design units, including 1 entities, in source file circuito_s1.v
    Info (12023): Found entity 1: circuito_S1 File: C:/Users/LABPROC-PCS/Desktop/LabSposo/Projeto-Lab-dig/quartus/circuito_PROJETO_ALPHA_1.0_restored/S1BB7/circuito_S1_restored/circuito_exp6/circuito_S1.v Line: 1
Info (12021): Found 1 design units, including 1 entities, in source file bin2bcd.v
    Info (12023): Found entity 1: bin2bcd File: C:/Users/LABPROC-PCS/Desktop/LabSposo/Projeto-Lab-dig/quartus/circuito_PROJETO_ALPHA_1.0_restored/S1BB7/circuito_S1_restored/circuito_exp6/bin2bcd.v Line: 1
Info (12021): Found 1 design units, including 1 entities, in source file arduino_connector.v
    Info (12023): Found entity 1: arduino_connection File: C:/Users/LABPROC-PCS/Desktop/LabSposo/Projeto-Lab-dig/quartus/circuito_PROJETO_ALPHA_1.0_restored/S1BB7/circuito_S1_restored/circuito_exp6/arduino_connector.v Line: 5
Warning (10236): Verilog HDL Implicit Net warning at circuito_S1.v(65): created implicit net for "s_enderecoIgualMemoria" File: C:/Users/LABPROC-PCS/Desktop/LabSposo/Projeto-Lab-dig/quartus/circuito_PROJETO_ALPHA_1.0_restored/S1BB7/circuito_S1_restored/circuito_exp6/circuito_S1.v Line: 65
Info (12127): Elaborating entity "circuito_S1" for the top level hierarchy
Warning (10034): Output port "db_memoria" at circuito_S1.v(18) has no driver File: C:/Users/LABPROC-PCS/Desktop/LabSposo/Projeto-Lab-dig/quartus/circuito_PROJETO_ALPHA_1.0_restored/S1BB7/circuito_S1_restored/circuito_exp6/circuito_S1.v Line: 18
Warning (10034): Output port "db_jogadafeita" at circuito_S1.v(20) has no driver File: C:/Users/LABPROC-PCS/Desktop/LabSposo/Projeto-Lab-dig/quartus/circuito_PROJETO_ALPHA_1.0_restored/S1BB7/circuito_S1_restored/circuito_exp6/circuito_S1.v Line: 20
Info (12128): Elaborating entity "S1_fluxo_dados" for hierarchy "S1_fluxo_dados:FD" File: C:/Users/LABPROC-PCS/Desktop/LabSposo/Projeto-Lab-dig/quartus/circuito_PROJETO_ALPHA_1.0_restored/S1BB7/circuito_S1_restored/circuito_exp6/circuito_S1.v Line: 96
Warning (10230): Verilog HDL assignment warning at S1_fluxo_dados.v(246): truncated value with size 8 to match size of target (7) File: C:/Users/LABPROC-PCS/Desktop/LabSposo/Projeto-Lab-dig/quartus/circuito_PROJETO_ALPHA_1.0_restored/S1BB7/circuito_S1_restored/circuito_exp6/S1_fluxo_dados.v Line: 246
Info (12128): Elaborating entity "contador_163" for hierarchy "S1_fluxo_dados:FD|contador_163:ContLmt" File: C:/Users/LABPROC-PCS/Desktop/LabSposo/Projeto-Lab-dig/quartus/circuito_PROJETO_ALPHA_1.0_restored/S1BB7/circuito_S1_restored/circuito_exp6/S1_fluxo_dados.v Line: 77
Info (12128): Elaborating entity "comparador_85" for hierarchy "S1_fluxo_dados:FD|comparador_85:CompFim" File: C:/Users/LABPROC-PCS/Desktop/LabSposo/Projeto-Lab-dig/quartus/circuito_PROJETO_ALPHA_1.0_restored/S1BB7/circuito_S1_restored/circuito_exp6/S1_fluxo_dados.v Line: 89
Info (12128): Elaborating entity "registrador_7" for hierarchy "S1_fluxo_dados:FD|registrador_7:RegBotoes" File: C:/Users/LABPROC-PCS/Desktop/LabSposo/Projeto-Lab-dig/quartus/circuito_PROJETO_ALPHA_1.0_restored/S1BB7/circuito_S1_restored/circuito_exp6/S1_fluxo_dados.v Line: 122
Info (12128): Elaborating entity "sync_rom_16x4_1" for hierarchy "S1_fluxo_dados:FD|sync_rom_16x4_1:memoria1" File: C:/Users/LABPROC-PCS/Desktop/LabSposo/Projeto-Lab-dig/quartus/circuito_PROJETO_ALPHA_1.0_restored/S1BB7/circuito_S1_restored/circuito_exp6/S1_fluxo_dados.v Line: 129
Info (12128): Elaborating entity "sync_rom_16x4_2" for hierarchy "S1_fluxo_dados:FD|sync_rom_16x4_2:memoria2" File: C:/Users/LABPROC-PCS/Desktop/LabSposo/Projeto-Lab-dig/quartus/circuito_PROJETO_ALPHA_1.0_restored/S1BB7/circuito_S1_restored/circuito_exp6/S1_fluxo_dados.v Line: 135
Info (12128): Elaborating entity "mux2x1_7" for hierarchy "S1_fluxo_dados:FD|mux2x1_7:MUX_MEM" File: C:/Users/LABPROC-PCS/Desktop/LabSposo/Projeto-Lab-dig/quartus/circuito_PROJETO_ALPHA_1.0_restored/S1BB7/circuito_S1_restored/circuito_exp6/S1_fluxo_dados.v Line: 143
Info (12128): Elaborating entity "comparador_85_7" for hierarchy "S1_fluxo_dados:FD|comparador_85_7:CompJog" File: C:/Users/LABPROC-PCS/Desktop/LabSposo/Projeto-Lab-dig/quartus/circuito_PROJETO_ALPHA_1.0_restored/S1BB7/circuito_S1_restored/circuito_exp6/S1_fluxo_dados.v Line: 155
Info (12128): Elaborating entity "edge_detector" for hierarchy "S1_fluxo_dados:FD|edge_detector:detector_borda" File: C:/Users/LABPROC-PCS/Desktop/LabSposo/Projeto-Lab-dig/quartus/circuito_PROJETO_ALPHA_1.0_restored/S1BB7/circuito_S1_restored/circuito_exp6/S1_fluxo_dados.v Line: 162
Info (12128): Elaborating entity "contador_m" for hierarchy "S1_fluxo_dados:FD|contador_m:contador_5000" File: C:/Users/LABPROC-PCS/Desktop/LabSposo/Projeto-Lab-dig/quartus/circuito_PROJETO_ALPHA_1.0_restored/S1BB7/circuito_S1_restored/circuito_exp6/S1_fluxo_dados.v Line: 174
Info (12128): Elaborating entity "contador_m" for hierarchy "S1_fluxo_dados:FD|contador_m:contador_500" File: C:/Users/LABPROC-PCS/Desktop/LabSposo/Projeto-Lab-dig/quartus/circuito_PROJETO_ALPHA_1.0_restored/S1BB7/circuito_S1_restored/circuito_exp6/S1_fluxo_dados.v Line: 184
Info (12128): Elaborating entity "sync_ram_16x4" for hierarchy "S1_fluxo_dados:FD|sync_ram_16x4:MemErro" File: C:/Users/LABPROC-PCS/Desktop/LabSposo/Projeto-Lab-dig/quartus/circuito_PROJETO_ALPHA_1.0_restored/S1BB7/circuito_S1_restored/circuito_exp6/S1_fluxo_dados.v Line: 209
Info (12128): Elaborating entity "registrador_7_init" for hierarchy "S1_fluxo_dados:FD|registrador_7_init:RegPontos" File: C:/Users/LABPROC-PCS/Desktop/LabSposo/Projeto-Lab-dig/quartus/circuito_PROJETO_ALPHA_1.0_restored/S1BB7/circuito_S1_restored/circuito_exp6/S1_fluxo_dados.v Line: 233
Info (12128): Elaborating entity "arduino_connection" for hierarchy "S1_fluxo_dados:FD|arduino_connection:Arduino_Play" File: C:/Users/LABPROC-PCS/Desktop/LabSposo/Projeto-Lab-dig/quartus/circuito_PROJETO_ALPHA_1.0_restored/S1BB7/circuito_S1_restored/circuito_exp6/S1_fluxo_dados.v Line: 266
Info (12128): Elaborating entity "S1_unidade_controle" for hierarchy "S1_unidade_controle:UC" File: C:/Users/LABPROC-PCS/Desktop/LabSposo/Projeto-Lab-dig/quartus/circuito_PROJETO_ALPHA_1.0_restored/S1BB7/circuito_S1_restored/circuito_exp6/circuito_S1.v Line: 136
Info (12128): Elaborating entity "hexa7seg" for hierarchy "hexa7seg:HEX0" File: C:/Users/LABPROC-PCS/Desktop/LabSposo/Projeto-Lab-dig/quartus/circuito_PROJETO_ALPHA_1.0_restored/S1BB7/circuito_S1_restored/circuito_exp6/circuito_S1.v Line: 142
Info (12128): Elaborating entity "estado7seg" for hierarchy "estado7seg:HEX5" File: C:/Users/LABPROC-PCS/Desktop/LabSposo/Projeto-Lab-dig/quartus/circuito_PROJETO_ALPHA_1.0_restored/S1BB7/circuito_S1_restored/circuito_exp6/circuito_S1.v Line: 147
Info (12128): Elaborating entity "conversor7seg" for hierarchy "conversor7seg:convPontos" File: C:/Users/LABPROC-PCS/Desktop/LabSposo/Projeto-Lab-dig/quartus/circuito_PROJETO_ALPHA_1.0_restored/S1BB7/circuito_S1_restored/circuito_exp6/circuito_S1.v Line: 180
Info (12128): Elaborating entity "contador_m" for hierarchy "conversor7seg:convPontos|contador_m:contador_ordem" File: C:/Users/LABPROC-PCS/Desktop/LabSposo/Projeto-Lab-dig/quartus/circuito_PROJETO_ALPHA_1.0_restored/S1BB7/circuito_S1_restored/circuito_exp6/conversor7seg.v Line: 41
Info (12128): Elaborating entity "bin2bcd" for hierarchy "conversor7seg:convPontos|bin2bcd:conversor" File: C:/Users/LABPROC-PCS/Desktop/LabSposo/Projeto-Lab-dig/quartus/circuito_PROJETO_ALPHA_1.0_restored/S1BB7/circuito_S1_restored/circuito_exp6/conversor7seg.v Line: 49
Warning (10230): Verilog HDL assignment warning at bin2bcd.v(8): truncated value with size 32 to match size of target (4) File: C:/Users/LABPROC-PCS/Desktop/LabSposo/Projeto-Lab-dig/quartus/circuito_PROJETO_ALPHA_1.0_restored/S1BB7/circuito_S1_restored/circuito_exp6/bin2bcd.v Line: 8
Warning (10230): Verilog HDL assignment warning at bin2bcd.v(9): truncated value with size 32 to match size of target (4) File: C:/Users/LABPROC-PCS/Desktop/LabSposo/Projeto-Lab-dig/quartus/circuito_PROJETO_ALPHA_1.0_restored/S1BB7/circuito_S1_restored/circuito_exp6/bin2bcd.v Line: 9
Warning (10230): Verilog HDL assignment warning at bin2bcd.v(10): truncated value with size 32 to match size of target (4) File: C:/Users/LABPROC-PCS/Desktop/LabSposo/Projeto-Lab-dig/quartus/circuito_PROJETO_ALPHA_1.0_restored/S1BB7/circuito_S1_restored/circuito_exp6/bin2bcd.v Line: 10
Warning (12241): 1 hierarchies have connectivity warnings - see the Connectivity Checks report folder
Warning (13024): Output pins are stuck at VCC or GND
    Warning (13410): Pin "db_memoria[0]" is stuck at GND File: C:/Users/LABPROC-PCS/Desktop/LabSposo/Projeto-Lab-dig/quartus/circuito_PROJETO_ALPHA_1.0_restored/S1BB7/circuito_S1_restored/circuito_exp6/circuito_S1.v Line: 18
    Warning (13410): Pin "db_memoria[1]" is stuck at GND File: C:/Users/LABPROC-PCS/Desktop/LabSposo/Projeto-Lab-dig/quartus/circuito_PROJETO_ALPHA_1.0_restored/S1BB7/circuito_S1_restored/circuito_exp6/circuito_S1.v Line: 18
    Warning (13410): Pin "db_memoria[2]" is stuck at GND File: C:/Users/LABPROC-PCS/Desktop/LabSposo/Projeto-Lab-dig/quartus/circuito_PROJETO_ALPHA_1.0_restored/S1BB7/circuito_S1_restored/circuito_exp6/circuito_S1.v Line: 18
    Warning (13410): Pin "db_memoria[3]" is stuck at GND File: C:/Users/LABPROC-PCS/Desktop/LabSposo/Projeto-Lab-dig/quartus/circuito_PROJETO_ALPHA_1.0_restored/S1BB7/circuito_S1_restored/circuito_exp6/circuito_S1.v Line: 18
    Warning (13410): Pin "db_memoria[4]" is stuck at GND File: C:/Users/LABPROC-PCS/Desktop/LabSposo/Projeto-Lab-dig/quartus/circuito_PROJETO_ALPHA_1.0_restored/S1BB7/circuito_S1_restored/circuito_exp6/circuito_S1.v Line: 18
    Warning (13410): Pin "db_memoria[5]" is stuck at GND File: C:/Users/LABPROC-PCS/Desktop/LabSposo/Projeto-Lab-dig/quartus/circuito_PROJETO_ALPHA_1.0_restored/S1BB7/circuito_S1_restored/circuito_exp6/circuito_S1.v Line: 18
    Warning (13410): Pin "db_memoria[6]" is stuck at GND File: C:/Users/LABPROC-PCS/Desktop/LabSposo/Projeto-Lab-dig/quartus/circuito_PROJETO_ALPHA_1.0_restored/S1BB7/circuito_S1_restored/circuito_exp6/circuito_S1.v Line: 18
    Warning (13410): Pin "db_jogadafeita[0]" is stuck at GND File: C:/Users/LABPROC-PCS/Desktop/LabSposo/Projeto-Lab-dig/quartus/circuito_PROJETO_ALPHA_1.0_restored/S1BB7/circuito_S1_restored/circuito_exp6/circuito_S1.v Line: 20
    Warning (13410): Pin "db_jogadafeita[1]" is stuck at GND File: C:/Users/LABPROC-PCS/Desktop/LabSposo/Projeto-Lab-dig/quartus/circuito_PROJETO_ALPHA_1.0_restored/S1BB7/circuito_S1_restored/circuito_exp6/circuito_S1.v Line: 20
    Warning (13410): Pin "db_jogadafeita[2]" is stuck at GND File: C:/Users/LABPROC-PCS/Desktop/LabSposo/Projeto-Lab-dig/quartus/circuito_PROJETO_ALPHA_1.0_restored/S1BB7/circuito_S1_restored/circuito_exp6/circuito_S1.v Line: 20
    Warning (13410): Pin "db_jogadafeita[3]" is stuck at GND File: C:/Users/LABPROC-PCS/Desktop/LabSposo/Projeto-Lab-dig/quartus/circuito_PROJETO_ALPHA_1.0_restored/S1BB7/circuito_S1_restored/circuito_exp6/circuito_S1.v Line: 20
    Warning (13410): Pin "db_jogadafeita[4]" is stuck at GND File: C:/Users/LABPROC-PCS/Desktop/LabSposo/Projeto-Lab-dig/quartus/circuito_PROJETO_ALPHA_1.0_restored/S1BB7/circuito_S1_restored/circuito_exp6/circuito_S1.v Line: 20
    Warning (13410): Pin "db_jogadafeita[5]" is stuck at GND File: C:/Users/LABPROC-PCS/Desktop/LabSposo/Projeto-Lab-dig/quartus/circuito_PROJETO_ALPHA_1.0_restored/S1BB7/circuito_S1_restored/circuito_exp6/circuito_S1.v Line: 20
    Warning (13410): Pin "db_jogadafeita[6]" is stuck at GND File: C:/Users/LABPROC-PCS/Desktop/LabSposo/Projeto-Lab-dig/quartus/circuito_PROJETO_ALPHA_1.0_restored/S1BB7/circuito_S1_restored/circuito_exp6/circuito_S1.v Line: 20
    Warning (13410): Pin "display[0]" is stuck at VCC File: C:/Users/LABPROC-PCS/Desktop/LabSposo/Projeto-Lab-dig/quartus/circuito_PROJETO_ALPHA_1.0_restored/S1BB7/circuito_S1_restored/circuito_exp6/circuito_S1.v Line: 30
    Warning (13410): Pin "display[1]" is stuck at VCC File: C:/Users/LABPROC-PCS/Desktop/LabSposo/Projeto-Lab-dig/quartus/circuito_PROJETO_ALPHA_1.0_restored/S1BB7/circuito_S1_restored/circuito_exp6/circuito_S1.v Line: 30
    Warning (13410): Pin "display[2]" is stuck at VCC File: C:/Users/LABPROC-PCS/Desktop/LabSposo/Projeto-Lab-dig/quartus/circuito_PROJETO_ALPHA_1.0_restored/S1BB7/circuito_S1_restored/circuito_exp6/circuito_S1.v Line: 30
    Warning (13410): Pin "display[3]" is stuck at GND File: C:/Users/LABPROC-PCS/Desktop/LabSposo/Projeto-Lab-dig/quartus/circuito_PROJETO_ALPHA_1.0_restored/S1BB7/circuito_S1_restored/circuito_exp6/circuito_S1.v Line: 30
    Warning (13410): Pin "display[4]" is stuck at VCC File: C:/Users/LABPROC-PCS/Desktop/LabSposo/Projeto-Lab-dig/quartus/circuito_PROJETO_ALPHA_1.0_restored/S1BB7/circuito_S1_restored/circuito_exp6/circuito_S1.v Line: 30
    Warning (13410): Pin "display[5]" is stuck at VCC File: C:/Users/LABPROC-PCS/Desktop/LabSposo/Projeto-Lab-dig/quartus/circuito_PROJETO_ALPHA_1.0_restored/S1BB7/circuito_S1_restored/circuito_exp6/circuito_S1.v Line: 30
    Warning (13410): Pin "display[6]" is stuck at VCC File: C:/Users/LABPROC-PCS/Desktop/LabSposo/Projeto-Lab-dig/quartus/circuito_PROJETO_ALPHA_1.0_restored/S1BB7/circuito_S1_restored/circuito_exp6/circuito_S1.v Line: 30
    Warning (13410): Pin "display[7]" is stuck at GND File: C:/Users/LABPROC-PCS/Desktop/LabSposo/Projeto-Lab-dig/quartus/circuito_PROJETO_ALPHA_1.0_restored/S1BB7/circuito_S1_restored/circuito_exp6/circuito_S1.v Line: 30
Info (286030): Timing-Driven Synthesis is running
Info (17049): 5 registers lost all their fanouts during netlist optimizations.
Info (144001): Generated suppressed messages file C:/Users/LABPROC-PCS/Desktop/LabSposo/Projeto-Lab-dig/quartus/circuito_PROJETO_ALPHA_1.0_restored/S1BB7/circuito_S1_restored/circuito_exp6/output_files/circuito_exp5.map.smsg
Info (16010): Generating hard_block partition "hard_block:auto_generated_inst"
    Info (16011): Adding 0 node(s), including 0 DDIO, 0 PLL, 0 transceiver and 0 LCELL
Warning (21074): Design contains 1 input pin(s) that do not drive logic
    Warning (15610): No output dependent on input pin "memoria" File: C:/Users/LABPROC-PCS/Desktop/LabSposo/Projeto-Lab-dig/quartus/circuito_PROJETO_ALPHA_1.0_restored/S1BB7/circuito_S1_restored/circuito_exp6/circuito_S1.v Line: 5
Info (21057): Implemented 236 device resources after synthesis - the final resource count might be different
    Info (21058): Implemented 13 input pins
    Info (21059): Implemented 65 output pins
    Info (21061): Implemented 158 logic cells
Info: Quartus Prime Analysis & Synthesis was successful. 0 errors, 34 warnings
    Info: Peak virtual memory: 4819 megabytes
    Info: Processing ended: Fri Mar 21 13:36:37 2025
    Info: Elapsed time: 00:00:11
    Info: Total CPU time (on all processors): 00:00:26


+------------------------------------------+
; Analysis & Synthesis Suppressed Messages ;
+------------------------------------------+
The suppressed messages can be found in C:/Users/LABPROC-PCS/Desktop/LabSposo/Projeto-Lab-dig/quartus/circuito_PROJETO_ALPHA_1.0_restored/S1BB7/circuito_S1_restored/circuito_exp6/output_files/circuito_exp5.map.smsg.


